\BOOKMARK [1][-]{section.1}{\376\377\144\130\211\201}{}% 1
\BOOKMARK [1][-]{section.2}{\376\377\126\375\116\247\000C\000P\000U\000/\000G\000P\000U\000/\000N\000P\000U\123\321\134\125\123\206\123\362}{}% 2
\BOOKMARK [2][-]{subsection.2.1}{\376\377\230\336\201\176\000C\000P\000U\377\032\116\316\000S\000P\000A\000R\000C\122\060\000A\000R\000M\166\204\147\266\147\204\217\301\171\373}{section.2}% 3
\BOOKMARK [2][-]{subsection.2.2}{\376\377\123\116\116\072\234\262\236\117\116\016\146\007\201\176\377\032\122\066\210\301\122\115\124\016\166\204\116\044\153\265\123\206\123\362}{section.2}% 4
\BOOKMARK [3][-]{subsubsection.2.2.1}{\376\377\122\066\210\301\122\115\377\010\0002\0000\0000\0004\040\024\0002\0000\0002\0000\377\011\377\032\171\357\175\057\226\066\153\265}{subsection.2.2}% 5
\BOOKMARK [3][-]{subsubsection.2.2.2}{\376\377\122\066\210\301\124\016\377\010\0002\0000\0002\0000\201\363\116\312\377\011\377\032\120\022\220\074\201\352\116\073\123\026}{subsection.2.2}% 6
\BOOKMARK [2][-]{subsection.2.3}{\376\377\144\151\134\024\176\277\172\013\000M\000U\000S\000A\377\032\220\032\165\050\000G\000P\000U\166\204\126\375\116\247\143\242\175\042}{section.2}% 7
\BOOKMARK [2][-]{subsection.2.4}{\376\377\140\073\176\323\377\032\116\011\147\141\142\200\147\057\215\357\137\204\166\204\121\161\140\047}{section.2}% 8
\BOOKMARK [1][-]{section.3}{\376\377\116\343\210\150\140\047\126\375\116\247\000C\000P\000U\000/\000N\000P\000U\137\256\147\266\147\204\155\361\136\246\214\003\170\024}{}% 9
\BOOKMARK [2][-]{subsection.3.1}{\376\377\234\262\236\117\0009\0002\0000\377\032\227\142\124\021\116\221\213\241\173\227\166\204\220\032\165\050\147\015\122\241\126\150\000C\000P\000U}{section.3}% 10
\BOOKMARK [3][-]{subsubsection.3.1.1}{\376\377\145\164\117\123\000S\000o\000C\147\266\147\204}{subsection.3.1}% 11
\BOOKMARK [3][-]{subsubsection.3.1.2}{\376\377\000T\000a\000i\000S\000h\000a\000n\000\040\000V\0001\0001\0000\123\125\150\070\137\256\147\266\147\204}{subsection.3.1}% 12
\BOOKMARK [3][-]{subsubsection.3.1.3}{\376\377\133\130\120\250\134\102\176\247\116\016\162\107\116\012\116\222\200\124}{subsection.3.1}% 13
\BOOKMARK [2][-]{subsection.3.2}{\376\377\146\007\201\176\0009\0001\0000\377\032\227\142\124\021\000A\000I\213\255\176\303\166\204\116\023\165\050\000N\000P\000U}{section.3}% 14
\BOOKMARK [3][-]{subsubsection.3.2.1}{\376\377\145\164\117\123\147\266\147\204}{subsection.3.2}% 15
\BOOKMARK [3][-]{subsubsection.3.2.2}{\376\377\000D\000a\000V\000i\000n\000c\000i\000\040\000C\000o\000r\000e\377\032\116\011\176\364\213\241\173\227\123\125\121\103\166\204\213\276\213\241\220\073\217\221}{subsection.3.2}% 16
\BOOKMARK [3][-]{subsubsection.3.2.3}{\376\377\162\107\116\012\133\130\120\250\134\102\176\247}{subsection.3.2}% 17
\BOOKMARK [1][-]{section.4}{\376\377\217\333\226\066\214\003\170\024\377\032\126\375\121\205\131\026\147\000\145\260\131\004\164\006\126\150\133\371\153\324}{}% 18
\BOOKMARK [2][-]{subsection.4.1}{\376\377\150\114\227\142\000C\000P\000U\152\052\124\021\133\371\153\324\377\032\116\345\230\336\201\176\116\072\127\372\121\306}{section.4}% 19
\BOOKMARK [3][-]{subsubsection.4.1.1}{\376\377\126\375\121\205\131\026\147\000\145\260\150\114\227\142\000C\000P\000U\123\302\145\160\133\371\153\324}{subsection.4.1}% 20
\BOOKMARK [3][-]{subsubsection.4.1.2}{\376\377\150\114\227\142\000C\000P\000U\135\356\215\335\122\006\147\220\116\016\122\066\176\246\126\340\175\040}{subsection.4.1}% 21
\BOOKMARK [2][-]{subsection.4.2}{\376\377\000G\000P\000U\152\052\124\021\133\371\153\324\377\032\116\345\144\151\134\024\176\277\172\013\116\072\127\372\121\306}{section.4}% 22
\BOOKMARK [3][-]{subsubsection.4.2.1}{\376\377\147\000\145\260\126\375\121\205\131\026\000G\000P\000U\123\302\145\160\133\371\153\324}{subsection.4.2}% 23
\BOOKMARK [3][-]{subsubsection.4.2.2}{\376\377\000G\000P\000U\135\356\215\335\122\006\147\220\116\016\122\066\176\246\126\340\175\040}{subsection.4.2}% 24
\BOOKMARK [2][-]{subsection.4.3}{\376\377\000N\000P\000U\377\032\116\345\123\116\116\072\146\007\201\176\0009\0001\0000\000C\116\072\127\372\121\306}{section.4}% 25
\BOOKMARK [3][-]{subsubsection.4.3.1}{\376\377\147\000\145\260\126\375\226\105\000A\000I\122\240\220\037\126\150\377\010\000N\000P\000U\377\011\152\052\124\021\133\371\153\324}{subsection.4.3}% 26
\BOOKMARK [3][-]{subsubsection.4.3.2}{\376\377\000N\000P\000U\135\356\215\335\122\006\147\220}{subsection.4.3}% 27
\BOOKMARK [1][-]{section.5}{\376\377\134\125\147\033\377\032\126\375\116\247\131\004\164\006\126\150\166\204\172\201\126\364\215\357\137\204}{}% 28
\BOOKMARK [2][-]{subsection.5.1}{\376\377\134\125\147\033\147\052\147\145}{section.5}% 29
