\BOOKMARK [1][-]{section.1}{\376\377\137\025\212\000}{}% 1
\BOOKMARK [2][-]{subsection.1.1}{\376\377\133\236\232\214\151\202\217\360}{section.1}% 2
\BOOKMARK [2][-]{subsection.1.2}{\376\377\150\070\137\303\116\343\170\001}{section.1}% 3
\BOOKMARK [1][-]{section.2}{\376\377\117\123\174\373\176\323\147\204\166\370\121\163\133\236\232\214\122\006\147\220\040\024\040\024\000c\000a\000c\000h\000e\000\040\117\030\123\026}{}% 4
\BOOKMARK [2][-]{subsection.2.1}{\376\377\133\236\232\214\211\201\154\102}{section.2}% 5
\BOOKMARK [2][-]{subsection.2.2}{\376\377\173\227\154\325\213\276\213\241}{section.2}% 6
\BOOKMARK [3][-]{subsubsection.2.2.1}{\376\377\136\163\121\341\173\227\154\325}{subsection.2.2}% 7
\BOOKMARK [3][-]{subsubsection.2.2.2}{\376\377\000C\000a\000c\000h\000e\000\040\117\030\123\026\173\227\154\325}{subsection.2.2}% 8
\BOOKMARK [2][-]{subsection.2.3}{\376\377\133\236\232\214\217\307\172\013}{section.2}% 9
\BOOKMARK [2][-]{subsection.2.4}{\376\377\140\047\200\375\122\006\147\220}{section.2}% 10
\BOOKMARK [3][-]{subsubsection.2.4.1}{\376\377\116\015\124\014\211\304\152\041\116\013\166\204\142\147\210\114\145\366\225\364\123\312\000C\000a\000c\000h\000e\117\030\123\026\145\110\147\234}{subsection.2.4}% 11
\BOOKMARK [3][-]{subsubsection.2.4.2}{\376\377\217\333\226\066\116\373\122\241\377\032\116\015\124\014\117\030\123\026\176\247\122\053\116\013\166\204\142\147\210\114\140\047\200\375}{subsection.2.4}% 12
\BOOKMARK [2][-]{subsection.2.5}{\376\377\217\333\226\066\116\373\122\241\377\032\117\177\165\050\000V\000T\000u\000n\000e\217\333\210\114\000P\000r\000o\000f\000i\000l\000i\000n\000g}{section.2}% 13
\BOOKMARK [1][-]{section.3}{\376\377\117\123\174\373\176\323\147\204\166\370\121\163\133\236\232\214\122\006\147\220\040\024\040\024\040\024\040\024\000n\000\040\116\052\145\160\154\102\124\214}{}% 14
\BOOKMARK [2][-]{subsection.3.1}{\376\377\133\236\232\214\166\356\166\204}{section.3}% 15
\BOOKMARK [2][-]{subsection.3.2}{\376\377\173\227\154\325\133\236\163\260}{section.3}% 16
\BOOKMARK [3][-]{subsubsection.3.2.1}{\376\377\136\163\121\341\173\227\154\325}{subsection.3.2}% 17
\BOOKMARK [3][-]{subsubsection.3.2.2}{\376\377\000N\215\357\137\252\163\257\134\125\137\000\173\227\154\325}{subsection.3.2}% 18
\BOOKMARK [3][-]{subsubsection.3.2.3}{\376\377\220\022\137\122\173\227\154\325}{subsection.3.2}% 19
\BOOKMARK [2][-]{subsection.3.3}{\376\377\133\236\232\214\217\307\172\013}{section.3}% 20
\BOOKMARK [2][-]{subsection.3.4}{\376\377\133\236\232\214\176\323\147\234}{section.3}% 21
\BOOKMARK [3][-]{subsubsection.3.4.1}{\376\377\145\164\145\160\173\227\154\325\140\047\200\375\133\371\153\324}{subsection.3.4}% 22
\BOOKMARK [3][-]{subsubsection.3.4.2}{\376\377\155\156\160\271\174\276\136\246\143\242\175\042}{subsection.3.4}% 23
\BOOKMARK [2][-]{subsection.3.5}{\376\377\145\160\143\156\122\006\147\220}{section.3}% 24
\BOOKMARK [3][-]{subsubsection.3.5.1}{\376\377\145\164\145\160\173\227\154\325\140\047\200\375\133\371\153\324}{subsection.3.5}% 25
\BOOKMARK [3][-]{subsubsection.3.5.2}{\376\377\217\333\226\066\116\373\122\241\377\032\155\156\160\271\174\276\136\246\143\242\175\042}{subsection.3.5}% 26
\BOOKMARK [2][-]{subsection.3.6}{\376\377\217\333\226\066\116\373\122\241\377\032\117\177\165\050\000V\000T\000u\000n\000e\217\333\210\114\000P\000r\000o\000f\000i\000l\000i\000n\000g}{section.3}% 27
\BOOKMARK [3][-]{subsubsection.3.6.1}{\376\377\000V\000T\000u\000n\000e\000\040\137\256\147\266\147\204\122\006\147\220}{subsection.3.6}% 28
